Got 1 slots.

                            < M A T L A B (R) >
                  Copyright 1984-2013 The MathWorks, Inc.
                    R2013b (8.2.0.701) 64-bit (glnxa64)
                              August 13, 2013

 
To get started, type one of these: helpwin, helpdesk, or demo.
For product information, visit www.mathworks.com.
 
Got 1 slots.

                            < M A T L A B (R) >
                  Copyright 1984-2013 The MathWorks, Inc.
                    R2013b (8.2.0.701) 64-bit (glnxa64)
                              August 13, 2013

 
To get started, type one of these: helpwin, helpdesk, or demo.
For product information, visit www.mathworks.com.
 
1
  600.00
  601.00
  602.00
  603.00
  604.00
  605.00
  606.00
  607.00
  608.00
  609.00
  610.00
  611.00
  612.00
  613.00
  614.00
  615.00
  616.00
  617.00
  618.00
  619.00
  620.00
  621.00
  622.00
  623.00
  624.00
  625.00
  626.00
  627.00
  628.00
  629.00
  630.00
  631.00
  632.00
  633.00
  634.00
  635.00
  636.00
  637.00
  638.00
  639.00
  640.00
  641.00
  642.00
  643.00
  644.00
  645.00
  646.00
  647.00
  648.00
  649.00
  650.00
  651.00
  652.00
  653.00
  654.00
  655.00
  656.00
  657.00
  658.00
  659.00
  660.00
  661.00
  662.00
  663.00
  664.00
  665.00
  666.00
  667.00
  668.00
  669.00
  670.00
  671.00
  672.00
  673.00
  674.00
  675.00
  676.00
  677.00
  678.00
  679.00
  680.00
  681.00
  682.00
  683.00
  684.00
  685.00
  686.00
  687.00
  688.00
  689.00
  690.00
  691.00
  692.00
  693.00
  694.00
  695.00
  696.00
  697.00
  698.00
  699.00
  700.00
  701.00
  702.00
  703.00
  704.00
  705.00
  706.00
  707.00
  708.00
  709.00
  710.00
  711.00
  712.00
  713.00
  714.00
  715.00
  716.00
  717.00
  718.00
  719.00
  720.00
  721.00
  722.00
  723.00
  724.00
  725.00
  726.00
  727.00
  728.00
  729.00
  730.00
  731.00
  732.00
  733.00
  734.00
  735.00
  736.00
  737.00
  738.00
  739.00
  740.00
  741.00
  742.00
  743.00
  744.00
  745.00
  746.00
  747.00
  748.00
  749.00
  750.00
  751.00
  752.00
  753.00
  754.00
  755.00
  756.00
  757.00
  758.00
  759.00
  760.00
  761.00
  762.00
  763.00
  764.00
  765.00
  766.00
  767.00
  768.00
  769.00
  770.00
  771.00
  772.00
  773.00
  774.00
  775.00
  776.00
  777.00
  778.00
  779.00
  780.00
  781.00
  782.00
  783.00
  784.00
  785.00
  786.00
  787.00
  788.00
  789.00
  790.00
  791.00
  792.00
  793.00
  794.00
  795.00
  796.00
  797.00
  798.00
  799.00
  800.00
2
  600.00
  601.00
  602.00
  603.00
  604.00
  605.00
  606.00
  607.00
  608.00
  609.00
  610.00
  611.00
  612.00
  613.00
  614.00
  615.00
  616.00
  617.00
  618.00
  619.00
  620.00
  621.00
  622.00
  623.00
  624.00
  625.00
  626.00
  627.00
  628.00
  629.00
  630.00
  631.00
  632.00
  633.00
  634.00
  635.00
  636.00
  637.00
  638.00
  639.00
  640.00
  641.00
  642.00
  643.00
  644.00
  645.00
  646.00
  647.00
  648.00
  649.00
  650.00
  651.00
  652.00
  653.00
  654.00
  655.00
  656.00
  657.00
  658.00
  659.00
  660.00
  661.00
  662.00
  663.00
  664.00
  665.00
  666.00
  667.00
  668.00
  669.00
  670.00
  671.00
  672.00
  673.00
  674.00
  675.00
  676.00
  677.00
  678.00
  679.00
  680.00
  681.00
  682.00
  683.00
  684.00
  685.00
  686.00
  687.00
  688.00
  689.00
  690.00
  691.00
  692.00
  693.00
  694.00
  695.00
  696.00
  697.00
  698.00
  699.00
  700.00
  701.00
  702.00
  703.00
  704.00
  705.00
  706.00
  707.00
  708.00
  709.00
  710.00
  711.00
  712.00
  713.00
  714.00
  715.00
  716.00
  717.00
  718.00
  719.00
  720.00
  721.00
  722.00
  723.00
  724.00
  725.00
  726.00
  727.00
  728.00
  729.00
  730.00
  731.00
  732.00
  733.00
  734.00
  735.00
  736.00
  737.00
  738.00
  739.00
  740.00
  741.00
  742.00
  743.00
  744.00
  745.00
  746.00
  747.00
  748.00
  749.00
  750.00
  751.00
  752.00
  753.00
  754.00
  755.00
  756.00
  757.00
  758.00
  759.00
  760.00
  761.00
  762.00
  763.00
  764.00
  765.00
  766.00
  767.00
  768.00
  769.00
  770.00
  771.00
  772.00
  773.00
  774.00
  775.00
  776.00
  777.00
  778.00
  779.00
  780.00
  781.00
  782.00
  783.00
  784.00
  785.00
  786.00
  787.00
  788.00
  789.00
  790.00
  791.00
  792.00
  793.00
  794.00
  795.00
  796.00
  797.00
  798.00
  799.00
  800.00
3
  600.00
  601.00
  602.00
  603.00
  604.00
  605.00
  606.00
  607.00
  608.00
  609.00
  610.00
  611.00
  612.00
  613.00
  614.00
  615.00
  616.00
  617.00
  618.00
  619.00
  620.00
  621.00
  622.00
  623.00
  624.00
  625.00
  626.00
  627.00
  628.00
  629.00
  630.00
  631.00
  632.00
  633.00
  634.00
  635.00
  636.00
  637.00
  638.00
  639.00
  640.00
  641.00
  642.00
  643.00
  644.00
  645.00
  646.00
  647.00
  648.00
  649.00
  650.00
  651.00
  652.00
  653.00
  654.00
  655.00
  656.00
  657.00
  658.00
  659.00
  660.00
  661.00
  662.00
  663.00
  664.00
  665.00
  666.00
  667.00
  668.00
  669.00
  670.00
  671.00
  672.00
  673.00
  674.00
  675.00
  676.00
  677.00
  678.00
  679.00
  680.00
  681.00
  682.00
  683.00
  684.00
  685.00
  686.00
  687.00
  688.00
  689.00
  690.00
  691.00
  692.00
  693.00
  694.00
  695.00
  696.00
  697.00
  698.00
  699.00
  700.00
  701.00
  702.00
  703.00
  704.00
  705.00
  706.00
  707.00
  708.00
  709.00
  710.00
  711.00
  712.00
  713.00
  714.00
  715.00
  716.00
  717.00
  718.00
  719.00
  720.00
  721.00
  722.00
  723.00
  724.00
  725.00
  726.00
  727.00
  728.00
  729.00
  730.00
  731.00
  732.00
  733.00
  734.00
  735.00
  736.00
  737.00
  738.00
  739.00
  740.00
  741.00
  742.00
  743.00
  744.00
  745.00
  746.00
  747.00
  748.00
  749.00
  750.00
  751.00
  752.00
  753.00
  754.00
  755.00
  756.00
  757.00
  758.00
  759.00
  760.00
  761.00
  762.00
  763.00
  764.00
  765.00
  766.00
  767.00
  768.00
  769.00
  770.00
  771.00
  772.00
  773.00
  774.00
  775.00
  776.00
  777.00
  778.00
  779.00
  780.00
  781.00
  782.00
  783.00
  784.00
  785.00
  786.00
  787.00
  788.00
  789.00
  790.00
  791.00
  792.00
  793.00
  794.00
  795.00
  796.00
  797.00
  798.00
  799.00
  800.00
4
  600.00
  601.00
  602.00
  603.00
  604.00
  605.00
  606.00
  607.00
  608.00
  609.00
  610.00
  611.00
  612.00
  613.00
  614.00
  615.00
  616.00
  617.00
  618.00
  619.00
  620.00
  621.00
  622.00
  623.00
  624.00
  625.00
  626.00
  627.00
  628.00
  629.00
  630.00
  631.00
  632.00
  633.00
  634.00
  635.00
  636.00
  637.00
  638.00
  639.00
  640.00
  641.00
  642.00
  643.00
  644.00
  645.00
  646.00
  647.00
  648.00
  649.00
  650.00
  651.00
  652.00
  653.00
  654.00
  655.00
  656.00
  657.00
  658.00
  659.00
  660.00
  661.00
  662.00
  663.00
  664.00
  665.00
  666.00
  667.00
  668.00
  669.00
  670.00
  671.00
  672.00
  673.00
  674.00
  675.00
  676.00
  677.00
  678.00
  679.00
  680.00
  681.00
  682.00
  683.00
  684.00
  685.00
  686.00
  687.00
  688.00
  689.00
  690.00
  691.00
  692.00
  693.00
  694.00
  695.00
  696.00
  697.00
  698.00
  699.00
  700.00
  701.00
  702.00
  703.00
  704.00
  705.00
  706.00
  707.00
  708.00
  709.00
  710.00
  711.00
  712.00
  713.00
  714.00
  715.00
  716.00
  717.00
  718.00
  719.00
  720.00
  721.00
  722.00
  723.00
  724.00
  725.00
  726.00
  727.00
  728.00
  729.00
  730.00
  731.00
  732.00
  733.00
  734.00
  735.00
  736.00
  737.00
  738.00
  739.00
  740.00
  741.00
  742.00
  743.00
  744.00
  745.00
  746.00
  747.00
  748.00
  749.00
  750.00
  751.00
  752.00
  753.00
  754.00
  755.00
  756.00
  757.00
  758.00
  759.00
  760.00
  761.00
  762.00
  763.00
  764.00
  765.00
  766.00
  767.00
  768.00
  769.00
  770.00
  771.00
  772.00
  773.00
  774.00
  775.00
  776.00
  777.00
  778.00
  779.00
  780.00
  781.00
  782.00
  783.00
  784.00
  785.00
  786.00
  787.00
  788.00
  789.00
  790.00
  791.00
  792.00
  793.00
  794.00
  795.00
  796.00
  797.00
  798.00
  799.00
  800.00
5
  600.00
